<?xml version="1.0" encoding="UTF-8"?>
<!-- Generated by org.testng.reporters.JUnitReportReporter -->
<testsuite hostname="DESKTOP-O0NLTGO" failures="0" tests="6" name="Dataprovider_external.TestCaseExternal" time="0.015" errors="0" timestamp="2021-12-22T10:24:30 IST" skipped="0">
  <testcase classname="Dataprovider_external.TestCaseExternal" name="tc1" time="0.008"/>
  <system-out/>
  <testcase classname="Dataprovider_external.TestCaseExternal" name="tc4" time="0.001"/>
  <system-out/>
  <testcase classname="Dataprovider_external.TestCaseExternal" name="tc4" time="0.001"/>
  <system-out/>
  <testcase classname="Dataprovider_external.TestCaseExternal" name="tc5" time="0.002"/>
  <system-out/>
  <testcase classname="Dataprovider_external.TestCaseExternal" name="tc5" time="0.001"/>
  <system-out/>
  <testcase classname="Dataprovider_external.TestCaseExternal" name="tc1" time="0.002"/>
  <system-out/>
</testsuite> <!-- Dataprovider_external.TestCaseExternal -->
